<?xml version="1.0" encoding="UTF-8"?>
<testsuite name="kuke.board.common.snowflake.SnowflakeTest" tests="2" skipped="0" failures="0" errors="0" timestamp="2025-04-29T11:33:21.129Z" hostname="yunboyeong-ui-MacBookPro.local" time="0.582">
  <properties/>
  <testcase name="nextIdTest()" classname="kuke.board.common.snowflake.SnowflakeTest" time="0.336"/>
  <testcase name="nextIdPerformanceTest()" classname="kuke.board.common.snowflake.SnowflakeTest" time="0.246"/>
  <system-out><![CDATA[times = 243 ms
]]></system-out>
  <system-err><![CDATA[]]></system-err>
</testsuite>
